0 info it worked if it ends with ok
1 verbose cli [ 'node', '/usr/local/bin/npm', 'publish' ]
2 info using npm@1.2.18
3 info using node@v0.10.5
4 verbose publish [ '.' ]
5 verbose read json /Users/craig/Developer/Public/cortado/package.json
6 verbose cache add [ '.', null ]
7 verbose cache add name=undefined spec="." args=[".",null]
8 verbose parsed url { protocol: null,
8 verbose parsed url   slashes: null,
8 verbose parsed url   auth: null,
8 verbose parsed url   host: null,
8 verbose parsed url   port: null,
8 verbose parsed url   hostname: null,
8 verbose parsed url   hash: null,
8 verbose parsed url   search: null,
8 verbose parsed url   query: null,
8 verbose parsed url   pathname: '.',
8 verbose parsed url   path: '.',
8 verbose parsed url   href: '.' }
9 silly lockFile 3a52ce78- .
10 verbose lock . /Users/craig/.npm/3a52ce78-.lock
11 verbose read json package.json
12 verbose tar pack [ '/var/folders/n1/r96x64mx6jzcbzkbz1ddrw6r0000gn/T/npm-1470/1379455365209-0.9942639081273228/tmp.tgz',
12 verbose tar pack   '.' ]
13 verbose tarball /var/folders/n1/r96x64mx6jzcbzkbz1ddrw6r0000gn/T/npm-1470/1379455365209-0.9942639081273228/tmp.tgz
14 verbose folder .
15 info prepublish cortado@0.0.38
16 silly lockFile 3a52ce78- .
17 verbose lock . /Users/craig/.npm/3a52ce78-.lock
18 silly lockFile e4a9c831-65209-0-9942639081273228-tmp-tgz /var/folders/n1/r96x64mx6jzcbzkbz1ddrw6r0000gn/T/npm-1470/1379455365209-0.9942639081273228/tmp.tgz
19 verbose lock /var/folders/n1/r96x64mx6jzcbzkbz1ddrw6r0000gn/T/npm-1470/1379455365209-0.9942639081273228/tmp.tgz /Users/craig/.npm/e4a9c831-65209-0-9942639081273228-tmp-tgz.lock
20 silly lockFile 3a52ce78- .
21 silly lockFile 3a52ce78- .
22 silly lockFile e4a9c831-65209-0-9942639081273228-tmp-tgz /var/folders/n1/r96x64mx6jzcbzkbz1ddrw6r0000gn/T/npm-1470/1379455365209-0.9942639081273228/tmp.tgz
23 silly lockFile e4a9c831-65209-0-9942639081273228-tmp-tgz /var/folders/n1/r96x64mx6jzcbzkbz1ddrw6r0000gn/T/npm-1470/1379455365209-0.9942639081273228/tmp.tgz
24 verbose tar unpack /var/folders/n1/r96x64mx6jzcbzkbz1ddrw6r0000gn/T/npm-1470/1379455365209-0.9942639081273228/tmp.tgz
25 silly lockFile d42e863e-65209-0-9942639081273228-package /var/folders/n1/r96x64mx6jzcbzkbz1ddrw6r0000gn/T/npm-1470/1379455365209-0.9942639081273228/package
26 verbose lock /var/folders/n1/r96x64mx6jzcbzkbz1ddrw6r0000gn/T/npm-1470/1379455365209-0.9942639081273228/package /Users/craig/.npm/d42e863e-65209-0-9942639081273228-package.lock
27 silly lockFile e4a9c831-65209-0-9942639081273228-tmp-tgz /var/folders/n1/r96x64mx6jzcbzkbz1ddrw6r0000gn/T/npm-1470/1379455365209-0.9942639081273228/tmp.tgz
28 verbose lock /var/folders/n1/r96x64mx6jzcbzkbz1ddrw6r0000gn/T/npm-1470/1379455365209-0.9942639081273228/tmp.tgz /Users/craig/.npm/e4a9c831-65209-0-9942639081273228-tmp-tgz.lock
29 silly gunzTarPerm modes [ '755', '644' ]
30 silly gunzTarPerm extractEntry package.json
31 silly gunzTarPerm modified mode [ 'package.json', 511, 493 ]
32 silly gunzTarPerm extractEntry .npmignore
33 silly gunzTarPerm modified mode [ '.npmignore', 511, 493 ]
34 silly gunzTarPerm extractEntry README.md
35 silly gunzTarPerm modified mode [ 'README.md', 511, 493 ]
36 silly gunzTarPerm extractEntry mesh.js
37 silly gunzTarPerm modified mode [ 'mesh.js', 511, 493 ]
38 silly gunzTarPerm extractEntry bin/cortado
39 silly gunzTarPerm extractEntry lib/index.js
40 silly gunzTarPerm modified mode [ 'lib/index.js', 511, 493 ]
41 silly gunzTarPerm extractEntry lib/plugins/logger/index.js
42 silly gunzTarPerm extractEntry lib/plugins/browser.launchers.eyebrowse/index.js
43 silly gunzTarPerm modified mode [ 'lib/plugins/browser.launchers.eyebrowse/index.js', 511, 493 ]
44 silly gunzTarPerm extractEntry lib/plugins/config/index.js
45 silly gunzTarPerm modified mode [ 'lib/plugins/config/index.js', 511, 493 ]
46 silly gunzTarPerm extractEntry lib/plugins/events.explicit/index.js
47 silly gunzTarPerm modified mode [ 'lib/plugins/events.explicit/index.js', 511, 493 ]
48 silly gunzTarPerm extractEntry lib/plugins/express.server/index.js
49 silly gunzTarPerm modified mode [ 'lib/plugins/express.server/index.js', 511, 493 ]
50 silly gunzTarPerm extractEntry lib/plugins/http.cache/index.js
51 silly gunzTarPerm modified mode [ 'lib/plugins/http.cache/index.js', 511, 493 ]
52 silly gunzTarPerm extractEntry lib/plugins/http.proxy/index.js
53 silly gunzTarPerm modified mode [ 'lib/plugins/http.proxy/index.js', 511, 493 ]
54 silly gunzTarPerm extractEntry lib/plugins/http.public/index.js
55 silly gunzTarPerm modified mode [ 'lib/plugins/http.public/index.js', 511, 493 ]
56 silly gunzTarPerm extractEntry lib/plugins/http.public/css/app.css
57 silly gunzTarPerm modified mode [ 'lib/plugins/http.public/css/app.css', 511, 493 ]
58 silly gunzTarPerm extractEntry lib/plugins/http.public/css/app.less
59 silly gunzTarPerm modified mode [ 'lib/plugins/http.public/css/app.less', 511, 493 ]
60 silly gunzTarPerm extractEntry lib/plugins/http.public/index.coffee
61 silly gunzTarPerm modified mode [ 'lib/plugins/http.public/index.coffee', 511, 493 ]
62 silly gunzTarPerm extractEntry lib/plugins/http.public/index.html
63 silly gunzTarPerm modified mode [ 'lib/plugins/http.public/index.html', 511, 493 ]
64 silly gunzTarPerm extractEntry lib/plugins/http.public/js/actions.js
65 silly gunzTarPerm modified mode [ 'lib/plugins/http.public/js/actions.js', 511, 493 ]
66 silly gunzTarPerm extractEntry lib/plugins/http.public/js/client.js
67 silly gunzTarPerm modified mode [ 'lib/plugins/http.public/js/client.js', 511, 493 ]
68 silly gunzTarPerm extractEntry lib/plugins/http.public/js/index.js
69 silly gunzTarPerm modified mode [ 'lib/plugins/http.public/js/index.js', 511, 493 ]
70 silly gunzTarPerm extractEntry lib/plugins/http.public/js/actions.coffee
71 silly gunzTarPerm modified mode [ 'lib/plugins/http.public/js/actions.coffee', 511, 493 ]
72 silly gunzTarPerm extractEntry lib/plugins/http.public/js/models/index.js
73 silly gunzTarPerm modified mode [ 'lib/plugins/http.public/js/models/index.js', 511, 493 ]
74 silly gunzTarPerm extractEntry lib/plugins/http.public/js/reporters/mocha.js
75 silly gunzTarPerm modified mode [ 'lib/plugins/http.public/js/reporters/mocha.js', 511, 493 ]
76 silly gunzTarPerm extractEntry lib/plugins/http.public/js/utils/findXPath.js
77 silly gunzTarPerm extractEntry lib/plugins/http.public/js/utils/findXPath.coffee
78 silly gunzTarPerm extractEntry lib/plugins/http.public/js/views/findXPath.js
79 silly gunzTarPerm extractEntry lib/plugins/http.public/js/views/findXPath.pc.js
80 silly gunzTarPerm extractEntry lib/plugins/http.public/js/views/main.js
81 silly gunzTarPerm modified mode [ 'lib/plugins/http.public/js/views/main.js', 511, 493 ]
82 silly gunzTarPerm extractEntry lib/plugins/http.public/js/views/main.pc.js
83 silly gunzTarPerm extractEntry lib/plugins/http.public/js/views/status.js
84 silly gunzTarPerm modified mode [ 'lib/plugins/http.public/js/views/status.js', 511, 493 ]
85 silly gunzTarPerm extractEntry lib/plugins/http.public/js/views/status.pc.js
86 silly gunzTarPerm extractEntry lib/plugins/http.public/js/views/components/iframe.js
87 silly gunzTarPerm modified mode [ 'lib/plugins/http.public/js/views/components/iframe.js',
87 silly gunzTarPerm   511,
87 silly gunzTarPerm   493 ]
88 silly gunzTarPerm extractEntry lib/plugins/http.public/js/views/components/index.js
89 silly gunzTarPerm modified mode [ 'lib/plugins/http.public/js/views/components/index.js',
89 silly gunzTarPerm   511,
89 silly gunzTarPerm   493 ]
90 silly gunzTarPerm extractEntry lib/plugins/http.public/js/views/logroll/index.js
91 silly gunzTarPerm modified mode [ 'lib/plugins/http.public/js/views/logroll/index.js', 511, 493 ]
92 silly gunzTarPerm extractEntry lib/plugins/http.public/js/views/logroll/index.pc.js
93 silly gunzTarPerm extractEntry lib/plugins/http.public/js/views/logroll/log/index.js
94 silly gunzTarPerm modified mode [ 'lib/plugins/http.public/js/views/logroll/log/index.js',
94 silly gunzTarPerm   511,
94 silly gunzTarPerm   493 ]
95 silly gunzTarPerm extractEntry lib/plugins/http.public/js/views/logroll/log/index.pc.js
96 silly gunzTarPerm extractEntry lib/plugins/http.public/js/views/preview/index.js
97 silly gunzTarPerm modified mode [ 'lib/plugins/http.public/js/views/preview/index.js', 511, 493 ]
98 silly gunzTarPerm extractEntry lib/plugins/http.public/js/views/preview/index.pc.js
99 silly gunzTarPerm extractEntry lib/plugins/http.public/vendor/es5-sham.js
100 silly gunzTarPerm modified mode [ 'lib/plugins/http.public/vendor/es5-sham.js', 511, 493 ]
101 silly gunzTarPerm extractEntry lib/plugins/http.public/vendor/es5-shim.js
102 silly gunzTarPerm modified mode [ 'lib/plugins/http.public/vendor/es5-shim.js', 511, 493 ]
103 silly gunzTarPerm extractEntry lib/plugins/http.public/vendor/jquery.min.js
104 silly gunzTarPerm modified mode [ 'lib/plugins/http.public/vendor/jquery.min.js', 511, 493 ]
105 silly gunzTarPerm extractEntry lib/plugins/http.public/vendor/jquery.xpath.min.js
106 silly gunzTarPerm modified mode [ 'lib/plugins/http.public/vendor/jquery.xpath.min.js',
106 silly gunzTarPerm   511,
106 silly gunzTarPerm   493 ]
107 silly gunzTarPerm extractEntry lib/plugins/http.public/vendor/mocha.js
108 silly gunzTarPerm modified mode [ 'lib/plugins/http.public/vendor/mocha.js', 511, 493 ]
109 silly gunzTarPerm extractEntry lib/plugins/http.public/vendor/platform.js
110 silly gunzTarPerm modified mode [ 'lib/plugins/http.public/vendor/platform.js', 511, 493 ]
111 silly gunzTarPerm extractEntry lib/plugins/http.public/vendor/bootstrap/css/bootstrap-theme.css
112 silly gunzTarPerm modified mode [ 'lib/plugins/http.public/vendor/bootstrap/css/bootstrap-theme.css',
112 silly gunzTarPerm   511,
112 silly gunzTarPerm   493 ]
113 silly gunzTarPerm extractEntry lib/plugins/http.public/vendor/bootstrap/css/bootstrap-theme.min.css
114 silly gunzTarPerm modified mode [ 'lib/plugins/http.public/vendor/bootstrap/css/bootstrap-theme.min.css',
114 silly gunzTarPerm   511,
114 silly gunzTarPerm   493 ]
115 silly gunzTarPerm extractEntry lib/plugins/http.public/vendor/bootstrap/css/bootstrap.css
116 silly gunzTarPerm modified mode [ 'lib/plugins/http.public/vendor/bootstrap/css/bootstrap.css',
116 silly gunzTarPerm   511,
116 silly gunzTarPerm   493 ]
117 silly gunzTarPerm extractEntry lib/plugins/http.public/vendor/bootstrap/css/bootstrap.min.css
118 silly gunzTarPerm modified mode [ 'lib/plugins/http.public/vendor/bootstrap/css/bootstrap.min.css',
118 silly gunzTarPerm   511,
118 silly gunzTarPerm   493 ]
119 silly gunzTarPerm extractEntry lib/plugins/http.public/vendor/bootstrap/fonts/glyphicons-halflings-regular.eot
120 silly gunzTarPerm modified mode [ 'lib/plugins/http.public/vendor/bootstrap/fonts/glyphicons-halflings-regular.eot',
120 silly gunzTarPerm   511,
120 silly gunzTarPerm   493 ]
121 silly gunzTarPerm extractEntry lib/plugins/http.public/vendor/bootstrap/fonts/glyphicons-halflings-regular.svg
122 silly gunzTarPerm modified mode [ 'lib/plugins/http.public/vendor/bootstrap/fonts/glyphicons-halflings-regular.svg',
122 silly gunzTarPerm   511,
122 silly gunzTarPerm   493 ]
123 silly gunzTarPerm extractEntry lib/plugins/http.public/vendor/bootstrap/fonts/glyphicons-halflings-regular.ttf
124 silly gunzTarPerm modified mode [ 'lib/plugins/http.public/vendor/bootstrap/fonts/glyphicons-halflings-regular.ttf',
124 silly gunzTarPerm   511,
124 silly gunzTarPerm   493 ]
125 silly gunzTarPerm extractEntry lib/plugins/http.public/vendor/bootstrap/fonts/glyphicons-halflings-regular.woff
126 silly gunzTarPerm modified mode [ 'lib/plugins/http.public/vendor/bootstrap/fonts/glyphicons-halflings-regular.woff',
126 silly gunzTarPerm   511,
126 silly gunzTarPerm   493 ]
127 silly gunzTarPerm extractEntry lib/plugins/http.public/vendor/bootstrap/js/bootstrap.js
128 silly gunzTarPerm modified mode [ 'lib/plugins/http.public/vendor/bootstrap/js/bootstrap.js',
128 silly gunzTarPerm   511,
128 silly gunzTarPerm   493 ]
129 silly gunzTarPerm extractEntry lib/plugins/http.public/vendor/bootstrap/js/bootstrap.min.js
130 silly gunzTarPerm modified mode [ 'lib/plugins/http.public/vendor/bootstrap/js/bootstrap.min.js',
130 silly gunzTarPerm   511,
130 silly gunzTarPerm   493 ]
131 silly gunzTarPerm extractEntry lib/plugins/http.server/index.js
132 silly gunzTarPerm modified mode [ 'lib/plugins/http.server/index.js', 511, 493 ]
133 silly gunzTarPerm extractEntry lib/plugins/browser.tester/index.js
134 silly gunzTarPerm modified mode [ 'lib/plugins/browser.tester/index.js', 511, 493 ]
135 silly gunzTarPerm extractEntry lib/plugins/browser.tester/tester.js
136 silly gunzTarPerm modified mode [ 'lib/plugins/browser.tester/tester.js', 511, 493 ]
137 silly gunzTarPerm extractEntry lib/plugins/browser.tester/tester.coffee
138 silly gunzTarPerm extractEntry lib/plugins/notifications.osx/index.js
139 silly gunzTarPerm modified mode [ 'lib/plugins/notifications.osx/index.js', 511, 493 ]
140 silly gunzTarPerm extractEntry lib/plugins/pubsub/index.js
141 silly gunzTarPerm modified mode [ 'lib/plugins/pubsub/index.js', 511, 493 ]
142 silly gunzTarPerm extractEntry lib/plugins/reload.explicit/index.js
143 silly gunzTarPerm modified mode [ 'lib/plugins/reload.explicit/index.js', 511, 493 ]
144 silly gunzTarPerm extractEntry lib/plugins/sock.clients/client.js
145 silly gunzTarPerm modified mode [ 'lib/plugins/sock.clients/client.js', 511, 493 ]
146 silly gunzTarPerm extractEntry lib/plugins/sock.clients/clients.js
147 silly gunzTarPerm modified mode [ 'lib/plugins/sock.clients/clients.js', 511, 493 ]
148 silly gunzTarPerm extractEntry lib/plugins/sock.clients/index.js
149 silly gunzTarPerm modified mode [ 'lib/plugins/sock.clients/index.js', 511, 493 ]
150 silly gunzTarPerm extractEntry lib/plugins/sock.clients.controls/index.js
151 silly gunzTarPerm modified mode [ 'lib/plugins/sock.clients.controls/index.js', 511, 493 ]
152 silly gunzTarPerm extractEntry lib/plugins/sock.clients.controls/index.coffee
153 silly gunzTarPerm extractEntry lib/plugins/sock.server/index.js
154 silly gunzTarPerm modified mode [ 'lib/plugins/sock.server/index.js', 511, 493 ]
155 silly gunzTarPerm extractEntry lib/plugins/tests/index.js
156 silly gunzTarPerm modified mode [ 'lib/plugins/tests/index.js', 511, 493 ]
157 silly gunzTarPerm extractEntry lib/plugins/watch.explicit/index.js
158 silly gunzTarPerm modified mode [ 'lib/plugins/watch.explicit/index.js', 511, 493 ]
159 silly gunzTarPerm extractEntry lib/plugins/watch.tests/index.js
160 silly gunzTarPerm modified mode [ 'lib/plugins/watch.tests/index.js', 511, 493 ]
161 silly gunzTarPerm extractEntry lib/plugins/watch.tests/index.coffee
162 silly gunzTarPerm extractEntry makefile
163 silly gunzTarPerm modified mode [ 'makefile', 511, 493 ]
164 silly gunzTarPerm extractEntry src/index.coffee
165 silly gunzTarPerm modified mode [ 'src/index.coffee', 511, 493 ]
166 silly gunzTarPerm extractEntry src/plugins/logger/index.coffee
167 silly gunzTarPerm extractEntry src/plugins/browser.launchers.eyebrowse/index.coffee
168 silly gunzTarPerm modified mode [ 'src/plugins/browser.launchers.eyebrowse/index.coffee',
168 silly gunzTarPerm   511,
168 silly gunzTarPerm   493 ]
169 silly gunzTarPerm extractEntry src/plugins/config/index.coffee
170 silly gunzTarPerm modified mode [ 'src/plugins/config/index.coffee', 511, 493 ]
171 silly gunzTarPerm extractEntry src/plugins/events.explicit/index.coffee
172 silly gunzTarPerm modified mode [ 'src/plugins/events.explicit/index.coffee', 511, 493 ]
173 silly gunzTarPerm extractEntry src/plugins/express.server/index.coffee
174 silly gunzTarPerm modified mode [ 'src/plugins/express.server/index.coffee', 511, 493 ]
175 silly gunzTarPerm extractEntry src/plugins/http.cache/index.coffee
176 silly gunzTarPerm modified mode [ 'src/plugins/http.cache/index.coffee', 511, 493 ]
177 silly gunzTarPerm extractEntry src/plugins/http.proxy/index.coffee
178 silly gunzTarPerm modified mode [ 'src/plugins/http.proxy/index.coffee', 511, 493 ]
179 silly gunzTarPerm extractEntry src/plugins/http.public/css/app.less
180 silly gunzTarPerm modified mode [ 'src/plugins/http.public/css/app.less', 511, 493 ]
181 silly gunzTarPerm extractEntry src/plugins/http.public/css/lesshat.less
182 silly gunzTarPerm modified mode [ 'src/plugins/http.public/css/lesshat.less', 511, 493 ]
183 silly gunzTarPerm extractEntry src/plugins/http.public/index.coffee
184 silly gunzTarPerm modified mode [ 'src/plugins/http.public/index.coffee', 511, 493 ]
185 silly gunzTarPerm extractEntry src/plugins/http.public/index.html
186 silly gunzTarPerm modified mode [ 'src/plugins/http.public/index.html', 511, 493 ]
187 silly gunzTarPerm extractEntry src/plugins/http.public/js/actions.coffee
188 silly gunzTarPerm modified mode [ 'src/plugins/http.public/js/actions.coffee', 511, 493 ]
189 silly gunzTarPerm extractEntry src/plugins/http.public/js/client.coffee
190 silly gunzTarPerm modified mode [ 'src/plugins/http.public/js/client.coffee', 511, 493 ]
191 silly gunzTarPerm extractEntry src/plugins/http.public/js/index.coffee
192 silly gunzTarPerm modified mode [ 'src/plugins/http.public/js/index.coffee', 511, 493 ]
193 silly gunzTarPerm extractEntry src/plugins/http.public/js/models/index.coffee
194 silly gunzTarPerm modified mode [ 'src/plugins/http.public/js/models/index.coffee', 511, 493 ]
195 silly gunzTarPerm extractEntry src/plugins/http.public/js/reporters/mocha.coffee
196 silly gunzTarPerm modified mode [ 'src/plugins/http.public/js/reporters/mocha.coffee', 511, 493 ]
197 silly gunzTarPerm extractEntry src/plugins/http.public/js/utils/findXPath.coffee
198 silly gunzTarPerm extractEntry src/plugins/http.public/js/views/main.coffee
199 silly gunzTarPerm modified mode [ 'src/plugins/http.public/js/views/main.coffee', 511, 493 ]
200 silly gunzTarPerm extractEntry src/plugins/http.public/js/views/components/iframe.coffee
201 silly gunzTarPerm modified mode [ 'src/plugins/http.public/js/views/components/iframe.coffee',
201 silly gunzTarPerm   511,
201 silly gunzTarPerm   493 ]
202 silly gunzTarPerm extractEntry src/plugins/http.public/js/views/components/index.coffee
203 silly gunzTarPerm modified mode [ 'src/plugins/http.public/js/views/components/index.coffee',
203 silly gunzTarPerm   511,
203 silly gunzTarPerm   493 ]
204 silly gunzTarPerm extractEntry src/plugins/http.public/js/views/findXPath.pc
205 silly gunzTarPerm extractEntry src/plugins/http.public/js/views/logroll/index.coffee
206 silly gunzTarPerm modified mode [ 'src/plugins/http.public/js/views/logroll/index.coffee',
206 silly gunzTarPerm   511,
206 silly gunzTarPerm   493 ]
207 silly gunzTarPerm extractEntry src/plugins/http.public/js/views/logroll/index.pc
208 silly gunzTarPerm modified mode [ 'src/plugins/http.public/js/views/logroll/index.pc', 511, 493 ]
209 silly gunzTarPerm extractEntry src/plugins/http.public/js/views/logroll/log/index.coffee
210 silly gunzTarPerm modified mode [ 'src/plugins/http.public/js/views/logroll/log/index.coffee',
210 silly gunzTarPerm   511,
210 silly gunzTarPerm   493 ]
211 silly gunzTarPerm extractEntry src/plugins/http.public/js/views/logroll/log/index.less
212 silly gunzTarPerm modified mode [ 'src/plugins/http.public/js/views/logroll/log/index.less',
212 silly gunzTarPerm   511,
212 silly gunzTarPerm   493 ]
213 silly gunzTarPerm extractEntry src/plugins/http.public/js/views/logroll/log/index.pc
214 silly gunzTarPerm modified mode [ 'src/plugins/http.public/js/views/logroll/log/index.pc',
214 silly gunzTarPerm   511,
214 silly gunzTarPerm   493 ]
215 silly gunzTarPerm extractEntry src/plugins/http.public/js/views/findXPath.coffee
216 silly gunzTarPerm extractEntry src/plugins/http.public/js/views/main.less
217 silly gunzTarPerm modified mode [ 'src/plugins/http.public/js/views/main.less', 511, 493 ]
218 silly gunzTarPerm extractEntry src/plugins/http.public/js/views/main.pc
219 silly gunzTarPerm modified mode [ 'src/plugins/http.public/js/views/main.pc', 511, 493 ]
220 silly gunzTarPerm extractEntry src/plugins/http.public/js/views/preview/index.coffee
221 silly gunzTarPerm modified mode [ 'src/plugins/http.public/js/views/preview/index.coffee',
221 silly gunzTarPerm   511,
221 silly gunzTarPerm   493 ]
222 silly gunzTarPerm extractEntry src/plugins/http.public/js/views/preview/index.pc
223 silly gunzTarPerm modified mode [ 'src/plugins/http.public/js/views/preview/index.pc', 511, 493 ]
224 silly gunzTarPerm extractEntry src/plugins/http.public/js/views/preview/preview.less
225 silly gunzTarPerm modified mode [ 'src/plugins/http.public/js/views/preview/preview.less',
225 silly gunzTarPerm   511,
225 silly gunzTarPerm   493 ]
226 silly gunzTarPerm extractEntry src/plugins/http.public/js/views/status.coffee
227 silly gunzTarPerm modified mode [ 'src/plugins/http.public/js/views/status.coffee', 511, 493 ]
228 silly gunzTarPerm extractEntry src/plugins/http.public/js/views/status.pc
229 silly gunzTarPerm modified mode [ 'src/plugins/http.public/js/views/status.pc', 511, 493 ]
230 silly gunzTarPerm extractEntry src/plugins/http.public/vendor/es5-sham.js
231 silly gunzTarPerm modified mode [ 'src/plugins/http.public/vendor/es5-sham.js', 511, 493 ]
232 silly gunzTarPerm extractEntry src/plugins/http.public/vendor/es5-shim.js
233 silly gunzTarPerm modified mode [ 'src/plugins/http.public/vendor/es5-shim.js', 511, 493 ]
234 silly gunzTarPerm extractEntry src/plugins/http.public/vendor/jquery.min.js
235 silly gunzTarPerm modified mode [ 'src/plugins/http.public/vendor/jquery.min.js', 511, 493 ]
236 silly gunzTarPerm extractEntry src/plugins/http.public/vendor/jquery.xpath.min.js
237 silly gunzTarPerm modified mode [ 'src/plugins/http.public/vendor/jquery.xpath.min.js',
237 silly gunzTarPerm   511,
237 silly gunzTarPerm   493 ]
238 silly gunzTarPerm extractEntry src/plugins/http.public/vendor/mocha.js
239 silly gunzTarPerm modified mode [ 'src/plugins/http.public/vendor/mocha.js', 511, 493 ]
240 silly gunzTarPerm extractEntry src/plugins/http.public/vendor/platform.js
241 silly gunzTarPerm modified mode [ 'src/plugins/http.public/vendor/platform.js', 511, 493 ]
242 silly gunzTarPerm extractEntry src/plugins/http.public/vendor/bootstrap/css/bootstrap-theme.css
243 silly gunzTarPerm modified mode [ 'src/plugins/http.public/vendor/bootstrap/css/bootstrap-theme.css',
243 silly gunzTarPerm   511,
243 silly gunzTarPerm   493 ]
244 silly gunzTarPerm extractEntry src/plugins/http.public/vendor/bootstrap/css/bootstrap-theme.min.css
245 silly gunzTarPerm modified mode [ 'src/plugins/http.public/vendor/bootstrap/css/bootstrap-theme.min.css',
245 silly gunzTarPerm   511,
245 silly gunzTarPerm   493 ]
246 silly gunzTarPerm extractEntry src/plugins/http.public/vendor/bootstrap/css/bootstrap.css
247 silly gunzTarPerm modified mode [ 'src/plugins/http.public/vendor/bootstrap/css/bootstrap.css',
247 silly gunzTarPerm   511,
247 silly gunzTarPerm   493 ]
248 silly gunzTarPerm extractEntry src/plugins/http.public/vendor/bootstrap/css/bootstrap.min.css
249 silly gunzTarPerm modified mode [ 'src/plugins/http.public/vendor/bootstrap/css/bootstrap.min.css',
249 silly gunzTarPerm   511,
249 silly gunzTarPerm   493 ]
250 silly gunzTarPerm extractEntry src/plugins/http.public/vendor/bootstrap/fonts/glyphicons-halflings-regular.eot
251 silly gunzTarPerm modified mode [ 'src/plugins/http.public/vendor/bootstrap/fonts/glyphicons-halflings-regular.eot',
251 silly gunzTarPerm   511,
251 silly gunzTarPerm   493 ]
252 silly gunzTarPerm extractEntry src/plugins/http.public/vendor/bootstrap/fonts/glyphicons-halflings-regular.svg
253 silly gunzTarPerm modified mode [ 'src/plugins/http.public/vendor/bootstrap/fonts/glyphicons-halflings-regular.svg',
253 silly gunzTarPerm   511,
253 silly gunzTarPerm   493 ]
254 silly gunzTarPerm extractEntry src/plugins/http.public/vendor/bootstrap/fonts/glyphicons-halflings-regular.ttf
255 silly gunzTarPerm modified mode [ 'src/plugins/http.public/vendor/bootstrap/fonts/glyphicons-halflings-regular.ttf',
255 silly gunzTarPerm   511,
255 silly gunzTarPerm   493 ]
256 silly gunzTarPerm extractEntry src/plugins/http.public/vendor/bootstrap/fonts/glyphicons-halflings-regular.woff
257 silly gunzTarPerm modified mode [ 'src/plugins/http.public/vendor/bootstrap/fonts/glyphicons-halflings-regular.woff',
257 silly gunzTarPerm   511,
257 silly gunzTarPerm   493 ]
258 silly gunzTarPerm extractEntry src/plugins/http.public/vendor/bootstrap/js/bootstrap.js
259 silly gunzTarPerm modified mode [ 'src/plugins/http.public/vendor/bootstrap/js/bootstrap.js',
259 silly gunzTarPerm   511,
259 silly gunzTarPerm   493 ]
260 silly gunzTarPerm extractEntry src/plugins/http.public/vendor/bootstrap/js/bootstrap.min.js
261 silly gunzTarPerm modified mode [ 'src/plugins/http.public/vendor/bootstrap/js/bootstrap.min.js',
261 silly gunzTarPerm   511,
261 silly gunzTarPerm   493 ]
262 silly gunzTarPerm extractEntry src/plugins/http.server/index.coffee
263 silly gunzTarPerm modified mode [ 'src/plugins/http.server/index.coffee', 511, 493 ]
264 silly gunzTarPerm extractEntry src/plugins/browser.tester/index.coffee
265 silly gunzTarPerm modified mode [ 'src/plugins/browser.tester/index.coffee', 511, 493 ]
266 silly gunzTarPerm extractEntry src/plugins/browser.tester/tester.coffee
267 silly gunzTarPerm modified mode [ 'src/plugins/browser.tester/tester.coffee', 511, 493 ]
268 silly gunzTarPerm extractEntry src/plugins/notifications.osx/index.coffee
269 silly gunzTarPerm modified mode [ 'src/plugins/notifications.osx/index.coffee', 511, 493 ]
270 silly gunzTarPerm extractEntry src/plugins/pubsub/index.coffee
271 silly gunzTarPerm modified mode [ 'src/plugins/pubsub/index.coffee', 511, 493 ]
272 silly gunzTarPerm extractEntry src/plugins/reload.explicit/index.coffee
273 silly gunzTarPerm extractEntry src/plugins/sock.clients/client.coffee
274 silly gunzTarPerm modified mode [ 'src/plugins/sock.clients/client.coffee', 511, 493 ]
275 silly gunzTarPerm extractEntry src/plugins/sock.clients/clients.coffee
276 silly gunzTarPerm modified mode [ 'src/plugins/sock.clients/clients.coffee', 511, 493 ]
277 silly gunzTarPerm extractEntry src/plugins/sock.clients/index.coffee
278 silly gunzTarPerm modified mode [ 'src/plugins/sock.clients/index.coffee', 511, 493 ]
279 silly gunzTarPerm extractEntry src/plugins/sock.clients.controls/index.coffee
280 silly gunzTarPerm modified mode [ 'src/plugins/sock.clients.controls/index.coffee', 511, 493 ]
281 silly gunzTarPerm extractEntry src/plugins/sock.server/index.coffee
282 silly gunzTarPerm modified mode [ 'src/plugins/sock.server/index.coffee', 511, 493 ]
283 silly gunzTarPerm extractEntry src/plugins/tests/index.coffee
284 silly gunzTarPerm modified mode [ 'src/plugins/tests/index.coffee', 511, 493 ]
285 silly gunzTarPerm extractEntry src/plugins/watch.explicit/index.coffee
286 silly gunzTarPerm modified mode [ 'src/plugins/watch.explicit/index.coffee', 511, 493 ]
287 silly gunzTarPerm extractEntry src/plugins/watch.tests/index.coffee
288 verbose read json /var/folders/n1/r96x64mx6jzcbzkbz1ddrw6r0000gn/T/npm-1470/1379455365209-0.9942639081273228/package/package.json
289 silly lockFile d42e863e-65209-0-9942639081273228-package /var/folders/n1/r96x64mx6jzcbzkbz1ddrw6r0000gn/T/npm-1470/1379455365209-0.9942639081273228/package
290 silly lockFile d42e863e-65209-0-9942639081273228-package /var/folders/n1/r96x64mx6jzcbzkbz1ddrw6r0000gn/T/npm-1470/1379455365209-0.9942639081273228/package
291 silly lockFile e4a9c831-65209-0-9942639081273228-tmp-tgz /var/folders/n1/r96x64mx6jzcbzkbz1ddrw6r0000gn/T/npm-1470/1379455365209-0.9942639081273228/tmp.tgz
292 silly lockFile e4a9c831-65209-0-9942639081273228-tmp-tgz /var/folders/n1/r96x64mx6jzcbzkbz1ddrw6r0000gn/T/npm-1470/1379455365209-0.9942639081273228/tmp.tgz
293 verbose from cache /var/folders/n1/r96x64mx6jzcbzkbz1ddrw6r0000gn/T/npm-1470/1379455365209-0.9942639081273228/package/package.json
294 verbose tar pack [ '/Users/craig/.npm/cortado/0.0.38/package.tgz',
294 verbose tar pack   '/var/folders/n1/r96x64mx6jzcbzkbz1ddrw6r0000gn/T/npm-1470/1379455365209-0.9942639081273228/package' ]
295 verbose tarball /Users/craig/.npm/cortado/0.0.38/package.tgz
296 verbose folder /var/folders/n1/r96x64mx6jzcbzkbz1ddrw6r0000gn/T/npm-1470/1379455365209-0.9942639081273228/package
297 silly lockFile d42e863e-65209-0-9942639081273228-package /var/folders/n1/r96x64mx6jzcbzkbz1ddrw6r0000gn/T/npm-1470/1379455365209-0.9942639081273228/package
298 verbose lock /var/folders/n1/r96x64mx6jzcbzkbz1ddrw6r0000gn/T/npm-1470/1379455365209-0.9942639081273228/package /Users/craig/.npm/d42e863e-65209-0-9942639081273228-package.lock
299 silly lockFile 4ff4a0f7-g-npm-cortado-0-0-38-package-tgz /Users/craig/.npm/cortado/0.0.38/package.tgz
300 verbose lock /Users/craig/.npm/cortado/0.0.38/package.tgz /Users/craig/.npm/4ff4a0f7-g-npm-cortado-0-0-38-package-tgz.lock
301 silly lockFile d42e863e-65209-0-9942639081273228-package /var/folders/n1/r96x64mx6jzcbzkbz1ddrw6r0000gn/T/npm-1470/1379455365209-0.9942639081273228/package
302 silly lockFile d42e863e-65209-0-9942639081273228-package /var/folders/n1/r96x64mx6jzcbzkbz1ddrw6r0000gn/T/npm-1470/1379455365209-0.9942639081273228/package
303 silly lockFile 4ff4a0f7-g-npm-cortado-0-0-38-package-tgz /Users/craig/.npm/cortado/0.0.38/package.tgz
304 silly lockFile 4ff4a0f7-g-npm-cortado-0-0-38-package-tgz /Users/craig/.npm/cortado/0.0.38/package.tgz
305 silly lockFile df8382be-craig-npm-cortado-0-0-38-package /Users/craig/.npm/cortado/0.0.38/package
306 verbose lock /Users/craig/.npm/cortado/0.0.38/package /Users/craig/.npm/df8382be-craig-npm-cortado-0-0-38-package.lock
307 silly lockFile df8382be-craig-npm-cortado-0-0-38-package /Users/craig/.npm/cortado/0.0.38/package
308 silly lockFile df8382be-craig-npm-cortado-0-0-38-package /Users/craig/.npm/cortado/0.0.38/package
309 verbose tar unpack /Users/craig/.npm/cortado/0.0.38/package.tgz
310 silly lockFile df8382be-craig-npm-cortado-0-0-38-package /Users/craig/.npm/cortado/0.0.38/package
311 verbose lock /Users/craig/.npm/cortado/0.0.38/package /Users/craig/.npm/df8382be-craig-npm-cortado-0-0-38-package.lock
312 silly lockFile 4ff4a0f7-g-npm-cortado-0-0-38-package-tgz /Users/craig/.npm/cortado/0.0.38/package.tgz
313 verbose lock /Users/craig/.npm/cortado/0.0.38/package.tgz /Users/craig/.npm/4ff4a0f7-g-npm-cortado-0-0-38-package-tgz.lock
314 silly gunzTarPerm modes [ '755', '644' ]
315 silly gunzTarPerm extractEntry package.json
316 silly gunzTarPerm extractEntry .npmignore
317 silly gunzTarPerm extractEntry README.md
318 silly gunzTarPerm extractEntry mesh.js
319 silly gunzTarPerm extractEntry bin/cortado
320 silly gunzTarPerm extractEntry lib/index.js
321 silly gunzTarPerm extractEntry lib/plugins/logger/index.js
322 silly gunzTarPerm extractEntry lib/plugins/browser.launchers.eyebrowse/index.js
323 silly gunzTarPerm extractEntry lib/plugins/config/index.js
324 silly gunzTarPerm extractEntry lib/plugins/events.explicit/index.js
325 silly gunzTarPerm extractEntry lib/plugins/express.server/index.js
326 silly gunzTarPerm extractEntry lib/plugins/http.cache/index.js
327 silly gunzTarPerm extractEntry lib/plugins/http.proxy/index.js
328 silly gunzTarPerm extractEntry lib/plugins/http.public/index.js
329 silly gunzTarPerm extractEntry lib/plugins/http.public/css/app.css
330 silly gunzTarPerm extractEntry lib/plugins/http.public/css/app.less
331 silly gunzTarPerm extractEntry lib/plugins/http.public/index.coffee
332 silly gunzTarPerm extractEntry lib/plugins/http.public/index.html
333 silly gunzTarPerm extractEntry lib/plugins/http.public/js/actions.js
334 silly gunzTarPerm extractEntry lib/plugins/http.public/js/client.js
335 silly gunzTarPerm extractEntry lib/plugins/http.public/js/index.js
336 silly gunzTarPerm extractEntry lib/plugins/http.public/js/actions.coffee
337 silly gunzTarPerm extractEntry lib/plugins/http.public/js/models/index.js
338 silly gunzTarPerm extractEntry lib/plugins/http.public/js/reporters/mocha.js
339 silly gunzTarPerm extractEntry lib/plugins/http.public/js/utils/findXPath.js
340 silly gunzTarPerm extractEntry lib/plugins/http.public/js/utils/findXPath.coffee
341 silly gunzTarPerm extractEntry lib/plugins/http.public/js/views/findXPath.js
342 silly gunzTarPerm extractEntry lib/plugins/http.public/js/views/findXPath.pc.js
343 silly gunzTarPerm extractEntry lib/plugins/http.public/js/views/main.js
344 silly gunzTarPerm extractEntry lib/plugins/http.public/js/views/main.pc.js
345 silly gunzTarPerm extractEntry lib/plugins/http.public/js/views/status.js
346 silly gunzTarPerm extractEntry lib/plugins/http.public/js/views/status.pc.js
347 silly gunzTarPerm extractEntry lib/plugins/http.public/js/views/components/iframe.js
348 silly gunzTarPerm extractEntry lib/plugins/http.public/js/views/components/index.js
349 silly gunzTarPerm extractEntry lib/plugins/http.public/js/views/logroll/index.js
350 silly gunzTarPerm extractEntry lib/plugins/http.public/js/views/logroll/index.pc.js
351 silly gunzTarPerm extractEntry lib/plugins/http.public/js/views/logroll/log/index.js
352 silly gunzTarPerm extractEntry lib/plugins/http.public/js/views/logroll/log/index.pc.js
353 silly gunzTarPerm extractEntry lib/plugins/http.public/js/views/preview/index.js
354 silly gunzTarPerm extractEntry lib/plugins/http.public/js/views/preview/index.pc.js
355 silly gunzTarPerm extractEntry lib/plugins/http.public/vendor/es5-sham.js
356 silly gunzTarPerm extractEntry lib/plugins/http.public/vendor/es5-shim.js
357 silly gunzTarPerm extractEntry lib/plugins/http.public/vendor/jquery.min.js
358 silly gunzTarPerm extractEntry lib/plugins/http.public/vendor/jquery.xpath.min.js
359 silly gunzTarPerm extractEntry lib/plugins/http.public/vendor/mocha.js
360 silly gunzTarPerm extractEntry lib/plugins/http.public/vendor/platform.js
361 silly gunzTarPerm extractEntry lib/plugins/http.public/vendor/bootstrap/css/bootstrap-theme.css
362 silly gunzTarPerm extractEntry lib/plugins/http.public/vendor/bootstrap/css/bootstrap-theme.min.css
363 silly gunzTarPerm extractEntry lib/plugins/http.public/vendor/bootstrap/css/bootstrap.css
364 silly gunzTarPerm extractEntry lib/plugins/http.public/vendor/bootstrap/css/bootstrap.min.css
365 silly gunzTarPerm extractEntry lib/plugins/http.public/vendor/bootstrap/fonts/glyphicons-halflings-regular.eot
366 silly gunzTarPerm extractEntry lib/plugins/http.public/vendor/bootstrap/fonts/glyphicons-halflings-regular.svg
367 silly gunzTarPerm extractEntry lib/plugins/http.public/vendor/bootstrap/fonts/glyphicons-halflings-regular.ttf
368 silly gunzTarPerm extractEntry lib/plugins/http.public/vendor/bootstrap/fonts/glyphicons-halflings-regular.woff
369 silly gunzTarPerm extractEntry lib/plugins/http.public/vendor/bootstrap/js/bootstrap.js
370 silly gunzTarPerm extractEntry lib/plugins/http.public/vendor/bootstrap/js/bootstrap.min.js
371 silly gunzTarPerm extractEntry lib/plugins/http.server/index.js
372 silly gunzTarPerm extractEntry lib/plugins/browser.tester/index.js
373 silly gunzTarPerm extractEntry lib/plugins/browser.tester/tester.js
374 silly gunzTarPerm extractEntry lib/plugins/browser.tester/tester.coffee
375 silly gunzTarPerm extractEntry lib/plugins/notifications.osx/index.js
376 silly gunzTarPerm extractEntry lib/plugins/pubsub/index.js
377 silly gunzTarPerm extractEntry lib/plugins/reload.explicit/index.js
378 silly gunzTarPerm extractEntry lib/plugins/sock.clients/client.js
379 silly gunzTarPerm extractEntry lib/plugins/sock.clients/clients.js
380 silly gunzTarPerm extractEntry lib/plugins/sock.clients/index.js
381 silly gunzTarPerm extractEntry lib/plugins/sock.clients.controls/index.js
382 silly gunzTarPerm extractEntry lib/plugins/sock.clients.controls/index.coffee
383 silly gunzTarPerm extractEntry lib/plugins/sock.server/index.js
384 silly gunzTarPerm extractEntry lib/plugins/tests/index.js
385 silly gunzTarPerm extractEntry lib/plugins/watch.explicit/index.js
386 silly gunzTarPerm extractEntry lib/plugins/watch.tests/index.js
387 silly gunzTarPerm extractEntry lib/plugins/watch.tests/index.coffee
388 silly gunzTarPerm extractEntry makefile
389 silly gunzTarPerm extractEntry src/index.coffee
390 silly gunzTarPerm extractEntry src/plugins/logger/index.coffee
391 silly gunzTarPerm extractEntry src/plugins/browser.launchers.eyebrowse/index.coffee
392 silly gunzTarPerm extractEntry src/plugins/config/index.coffee
393 silly gunzTarPerm extractEntry src/plugins/events.explicit/index.coffee
394 silly gunzTarPerm extractEntry src/plugins/express.server/index.coffee
395 silly gunzTarPerm extractEntry src/plugins/http.cache/index.coffee
396 silly gunzTarPerm extractEntry src/plugins/http.proxy/index.coffee
397 silly gunzTarPerm extractEntry src/plugins/http.public/css/app.less
398 silly gunzTarPerm extractEntry src/plugins/http.public/css/lesshat.less
399 silly gunzTarPerm extractEntry src/plugins/http.public/index.coffee
400 silly gunzTarPerm extractEntry src/plugins/http.public/index.html
401 silly gunzTarPerm extractEntry src/plugins/http.public/js/actions.coffee
402 silly gunzTarPerm extractEntry src/plugins/http.public/js/client.coffee
403 silly gunzTarPerm extractEntry src/plugins/http.public/js/index.coffee
404 silly gunzTarPerm extractEntry src/plugins/http.public/js/models/index.coffee
405 silly gunzTarPerm extractEntry src/plugins/http.public/js/reporters/mocha.coffee
406 silly gunzTarPerm extractEntry src/plugins/http.public/js/utils/findXPath.coffee
407 silly gunzTarPerm extractEntry src/plugins/http.public/js/views/components/iframe.coffee
408 silly gunzTarPerm extractEntry src/plugins/http.public/js/views/components/index.coffee
409 silly gunzTarPerm extractEntry src/plugins/http.public/js/views/findXPath.coffee
410 silly gunzTarPerm extractEntry src/plugins/http.public/js/views/findXPath.pc
411 silly gunzTarPerm extractEntry src/plugins/http.public/js/views/logroll/index.coffee
412 silly gunzTarPerm extractEntry src/plugins/http.public/js/views/logroll/index.pc
413 silly gunzTarPerm extractEntry src/plugins/http.public/js/views/logroll/log/index.coffee
414 silly gunzTarPerm extractEntry src/plugins/http.public/js/views/logroll/log/index.less
415 silly gunzTarPerm extractEntry src/plugins/http.public/js/views/logroll/log/index.pc
416 silly gunzTarPerm extractEntry src/plugins/http.public/js/views/main.coffee
417 silly gunzTarPerm extractEntry src/plugins/http.public/js/views/main.less
418 silly gunzTarPerm extractEntry src/plugins/http.public/js/views/main.pc
419 silly gunzTarPerm extractEntry src/plugins/http.public/js/views/preview/index.coffee
420 silly gunzTarPerm extractEntry src/plugins/http.public/js/views/preview/index.pc
421 silly gunzTarPerm extractEntry src/plugins/http.public/js/views/preview/preview.less
422 silly gunzTarPerm extractEntry src/plugins/http.public/js/views/status.coffee
423 silly gunzTarPerm extractEntry src/plugins/http.public/js/views/status.pc
424 silly gunzTarPerm extractEntry src/plugins/http.public/vendor/es5-sham.js
425 silly gunzTarPerm extractEntry src/plugins/http.public/vendor/es5-shim.js
426 silly gunzTarPerm extractEntry src/plugins/http.public/vendor/jquery.min.js
427 silly gunzTarPerm extractEntry src/plugins/http.public/vendor/jquery.xpath.min.js
428 silly gunzTarPerm extractEntry src/plugins/http.public/vendor/mocha.js
429 silly gunzTarPerm extractEntry src/plugins/http.public/vendor/platform.js
430 silly gunzTarPerm extractEntry src/plugins/http.public/vendor/bootstrap/css/bootstrap-theme.css
431 silly gunzTarPerm extractEntry src/plugins/http.public/vendor/bootstrap/css/bootstrap-theme.min.css
432 silly gunzTarPerm extractEntry src/plugins/http.public/vendor/bootstrap/css/bootstrap.css
433 silly gunzTarPerm extractEntry src/plugins/http.public/vendor/bootstrap/css/bootstrap.min.css
434 silly gunzTarPerm extractEntry src/plugins/http.public/vendor/bootstrap/fonts/glyphicons-halflings-regular.eot
435 silly gunzTarPerm extractEntry src/plugins/http.public/vendor/bootstrap/fonts/glyphicons-halflings-regular.svg
436 silly gunzTarPerm extractEntry src/plugins/http.public/vendor/bootstrap/fonts/glyphicons-halflings-regular.ttf
437 silly gunzTarPerm extractEntry src/plugins/http.public/vendor/bootstrap/fonts/glyphicons-halflings-regular.woff
438 silly gunzTarPerm extractEntry src/plugins/http.public/vendor/bootstrap/js/bootstrap.js
439 silly gunzTarPerm extractEntry src/plugins/http.public/vendor/bootstrap/js/bootstrap.min.js
440 silly gunzTarPerm extractEntry src/plugins/http.server/index.coffee
441 silly gunzTarPerm extractEntry src/plugins/browser.tester/index.coffee
442 silly gunzTarPerm extractEntry src/plugins/browser.tester/tester.coffee
443 silly gunzTarPerm extractEntry src/plugins/notifications.osx/index.coffee
444 silly gunzTarPerm extractEntry src/plugins/pubsub/index.coffee
445 silly gunzTarPerm extractEntry src/plugins/reload.explicit/index.coffee
446 silly gunzTarPerm extractEntry src/plugins/sock.clients/client.coffee
447 silly gunzTarPerm extractEntry src/plugins/sock.clients/clients.coffee
448 silly gunzTarPerm extractEntry src/plugins/sock.clients/index.coffee
449 silly gunzTarPerm extractEntry src/plugins/sock.clients.controls/index.coffee
450 silly gunzTarPerm extractEntry src/plugins/sock.server/index.coffee
451 silly gunzTarPerm extractEntry src/plugins/tests/index.coffee
452 silly gunzTarPerm extractEntry src/plugins/watch.explicit/index.coffee
453 silly gunzTarPerm extractEntry src/plugins/watch.tests/index.coffee
454 verbose read json /Users/craig/.npm/cortado/0.0.38/package/package.json
455 silly lockFile df8382be-craig-npm-cortado-0-0-38-package /Users/craig/.npm/cortado/0.0.38/package
456 silly lockFile df8382be-craig-npm-cortado-0-0-38-package /Users/craig/.npm/cortado/0.0.38/package
457 silly lockFile 4ff4a0f7-g-npm-cortado-0-0-38-package-tgz /Users/craig/.npm/cortado/0.0.38/package.tgz
458 silly lockFile 4ff4a0f7-g-npm-cortado-0-0-38-package-tgz /Users/craig/.npm/cortado/0.0.38/package.tgz
459 silly shasum updated bytes 65536
460 silly shasum updated bytes 65536
461 silly shasum updated bytes 65536
462 silly shasum updated bytes 65536
463 silly shasum updated bytes 65536
464 silly shasum updated bytes 65536
465 silly shasum updated bytes 65536
466 silly shasum updated bytes 45250
467 info shasum 5290b7a9e8c0c4b7632a0b2b70351273b7b8ced8
467 info shasum /Users/craig/.npm/cortado/0.0.38/package.tgz
468 verbose from cache /Users/craig/.npm/cortado/0.0.38/package/package.json
469 verbose chmod /Users/craig/.npm/cortado/0.0.38/package.tgz 644
470 verbose chown /Users/craig/.npm/cortado/0.0.38/package.tgz [ 501, 20 ]
471 silly lockFile 3a52ce78- .
472 silly publish { name: 'cortado',
472 silly publish   version: '0.0.38',
472 silly publish   description: 'cortado =======',
472 silly publish   main: './lib/index.js',
472 silly publish   bin: { cortado: './bin/cortado' },
472 silly publish   scripts: { test: 'echo "Error: no test specified" && exit 1' },
472 silly publish   repository: { type: 'git', url: 'git://github.com/crcn/cortado.git' },
472 silly publish   author: '',
472 silly publish   license: 'BSD',
472 silly publish   readmeFilename: 'README.md',
472 silly publish   gitHead: 'a77294ab43fd6847b61d3aaf99a819e820cea8e3',
472 silly publish   dependencies:
472 silly publish    { 'expect.js': '~0.2.0',
472 silly publish      'coffee-script': '~1.6.3',
472 silly publish      mocha: '~1.12.1',
472 silly publish      funwrap: '0.0.x',
472 silly publish      bindable: '0.4.x',
472 silly publish      paperclip: '~0.2.11',
472 silly publish      mojojs: '0.6.x',
472 silly publish      fasten: '0.0.x',
472 silly publish      commander: '~2.0.0',
472 silly publish      underscore: '~1.5.1',
472 silly publish      'http-proxy': '0.10.x',
472 silly publish      express: '~3.3.8',
472 silly publish      jsdev: '~0.1.3',
472 silly publish      amdify: '0.0.x',
472 silly publish      glob: '~3.2.6',
472 silly publish      mime: '~1.2.11',
472 silly publish      hurryup: '0.0.x',
472 silly publish      xpgen: '0.0.x',
472 silly publish      gaze: '0.4.x',
472 silly publish      sockjs: '~0.3.7',
472 silly publish      plugin: '~0.3.2',
472 silly publish      'node-osx-notifier': '~0.1.0',
472 silly publish      request: '~2.27.0',
472 silly publish      beanpoll: '0.2.x',
472 silly publish      'browserify-middleware': '1.17.x',
472 silly publish      'paperclip-component': '0.0.x',
472 silly publish      eyebrowse: '0.0.x',
472 silly publish      async: '~0.2.9',
472 silly publish      colors: '~0.6.2' },
472 silly publish   devDependencies:
472 silly publish    { mesh: '~0.2.5',
472 silly publish      less: '~1.4.2',
472 silly publish      'coffee-script': '~1.6.3',
472 silly publish      colors: '~0.6.2',
472 silly publish      outcome: '0.0.18',
472 silly publish      mkdirp: '~0.3.5',
472 silly publish      request: '~2.27.0',
472 silly publish      jsdev: '~0.1.3',
472 silly publish      'node-osx-notifier': '~0.1.0' },
472 silly publish   readme: '## Usage\n\nBelow is a boilerplate config file - place it in `[project_path]/.cortado.js`:\n\n```javascript\nmodule.exports = {\n\n  //url to proxy when running tests - important to prevent cross-site security\n  //issues\n  proxy: "http://localhost:8080",\n\n  //tests to run - these are actually loaded in the browser\n  scripts: [\n    __dirname + "/test/**.js"\n  ],\n\n  //data-types to cache\n  cache: {\n    types: ["json", "png"],\n    directory: __dirname + "/test2/cache"\n  },\n\n  //files to watch, then reload\n  watch: [\n    __dirname + "/public/**",\n    __dirname + "/test/**"\n  ],\n\n  //port to run tests on - open in http://localhost:8083/test\n  port: 8083,\n\n  //full integration \n  full: true,\n\n  //keep the tests alive for dev mode\n  keepAlive: true,\n\n  //called each time browsers are reloaded to run tests\n\n  events: {\n    init: function() {\n      exec("open http://student.classdojo.dev:8083/test?run");\n    }\n  }\n} \n```\n\nNext, you can start writing tests using mocha. Here\'s an example test from `[project_path]/tests/login-test.js`:\n\n\n```javascript\nvar assert = require("./helpers/assert"),\nxpaths     = require("./helpers/xpaths"),\nconfig     = require("./helpers/config"),\nutils      = require("./helpers/utils"),\nlogout     = require("./helpers/logout");\n\ndescribe("login#", function() {\n\n\n  before(function(next) {\n    actions.\n    wait(logout()).\n    then(next);\n  }); \n\n  var p = {},\n  app = xpaths.app,\n  user = config.users.withoutPoints.username,\n  pass = config.users.withoutPoints.password;\n\n  /** \n   */\n\n  it("login button toggles properly depending on input data", function(next) {\n\n    actions.\n\n    //test incomplete\n    type(p.un = xpaths.login.usernameInput, "craigers").\n    type(p.pn = xpaths.login.passwordInput, "").\n\n    wait(assert.enabled(p.sub = app.find().eq("@type", "submit"))).\n\n    then(next);\n  }); \n  \n  /**\n   */\n   \n  it("shows a not found error", function(next) {\n    actions.\n    type(p.un, String(Date.now())).\n    type(p.pn, "password").\n    click(p.sub).\n    wait(assert.textPresent("Couldn\'t find a user with that username.")).\n    then(next);\n  });\n});\n```\n\nFinally, go ahead and run cortado:\n\n```bash\ncortado start\n```\n\n',
472 silly publish   _id: 'cortado@0.0.38',
472 silly publish   dist: { shasum: '5290b7a9e8c0c4b7632a0b2b70351273b7b8ced8' },
472 silly publish   _from: '.' }
473 verbose url raw cortado
474 verbose url resolving [ 'http://registry.npmjs.org/', './cortado' ]
475 verbose url resolved http://registry.npmjs.org/cortado
476 info trying registry request attempt 1 at 15:02:57
477 http PUT http://registry.npmjs.org/cortado
478 http 409 http://registry.npmjs.org/cortado
479 verbose url raw cortado
480 verbose url resolving [ 'http://registry.npmjs.org/', './cortado' ]
481 verbose url resolved http://registry.npmjs.org/cortado
482 info trying registry request attempt 1 at 15:02:58
483 http GET http://registry.npmjs.org/cortado
484 http 200 http://registry.npmjs.org/cortado
485 error publish fail Cannot publish over existing version.
485 error publish fail Update the 'version' field in package.json and try again.
485 error publish fail
485 error publish fail If the previous version was published in error, see:
485 error publish fail     npm help unpublish
485 error publish fail
485 error publish fail To automatically increment version numbers, see:
485 error publish fail     npm help version
486 error System Darwin 12.4.0
487 error command "node" "/usr/local/bin/npm" "publish"
488 error cwd /Users/craig/Developer/Public/cortado
489 error node -v v0.10.5
490 error npm -v 1.2.18
491 error code EPUBLISHCONFLICT
492 verbose exit [ 1, true ]
